<testsuites id="" name="" tests="828" failures="0" skipped="828" errors="0" time="0.53249">
<testsuite name="analytics.spec.ts" timestamp="2025-09-27T23:34:44.126Z" hostname="chromium" tests="42" failures="0" skipped="42" time="0" errors="0">
<testcase name="Analytics Dashboard › Analytics Overview › should load analytics dashboard" classname="analytics.spec.ts" time="0">
<skipped>
</skipped>
</testcase>
<testcase name="Analytics Dashboard › Analytics Overview › should display key metrics cards" classname="analytics.spec.ts" time="0">
<skipped>
</skipped>
</testcase>
<testcase name="Analytics Dashboard › Analytics Overview › should show charts and graphs" classname="analytics.spec.ts" time="0">
<skipped>
</skipped>
</testcase>
<testcase name="Analytics Dashboard › Analytics Overview › should measure analytics load performance" classname="analytics.spec.ts" time="0">
<skipped>
</skipped>
</testcase>
<testcase name="Analytics Dashboard › Date Range Selection › should filter by predefined date ranges" classname="analytics.spec.ts" time="0">
<skipped>
</skipped>
</testcase>
<testcase name="Analytics Dashboard › Date Range Selection › should allow custom date range selection" classname="analytics.spec.ts" time="0">
<skipped>
</skipped>
</testcase>
<testcase name="Analytics Dashboard › Date Range Selection › should validate date range constraints" classname="analytics.spec.ts" time="0">
<skipped>
</skipped>
</testcase>
<testcase name="Analytics Dashboard › Filtering and Segmentation › should filter by platform" classname="analytics.spec.ts" time="0">
<skipped>
</skipped>
</testcase>
<testcase name="Analytics Dashboard › Filtering and Segmentation › should filter by post type" classname="analytics.spec.ts" time="0">
<skipped>
</skipped>
</testcase>
<testcase name="Analytics Dashboard › Filtering and Segmentation › should filter by specific channels" classname="analytics.spec.ts" time="0">
<skipped>
</skipped>
</testcase>
<testcase name="Analytics Dashboard › Filtering and Segmentation › should reset all filters" classname="analytics.spec.ts" time="0">
<skipped>
</skipped>
</testcase>
<testcase name="Analytics Dashboard › Chart Interactions › should switch chart types" classname="analytics.spec.ts" time="0">
<skipped>
</skipped>
</testcase>
<testcase name="Analytics Dashboard › Chart Interactions › should change chart timeline" classname="analytics.spec.ts" time="0">
<skipped>
</skipped>
</testcase>
<testcase name="Analytics Dashboard › Chart Interactions › should expand charts to fullscreen" classname="analytics.spec.ts" time="0">
<skipped>
</skipped>
</testcase>
<testcase name="Analytics Dashboard › Chart Interactions › should handle chart hover interactions" classname="analytics.spec.ts" time="0">
<skipped>
</skipped>
</testcase>
<testcase name="Analytics Dashboard › Platform-Specific Analytics › should show Twitter-specific metrics" classname="analytics.spec.ts" time="0">
<skipped>
</skipped>
</testcase>
<testcase name="Analytics Dashboard › Platform-Specific Analytics › should show Instagram-specific metrics" classname="analytics.spec.ts" time="0">
<skipped>
</skipped>
</testcase>
<testcase name="Analytics Dashboard › Platform-Specific Analytics › should compare metrics across platforms" classname="analytics.spec.ts" time="0">
<skipped>
</skipped>
</testcase>
<testcase name="Analytics Dashboard › Top Performing Content › should display top performing posts" classname="analytics.spec.ts" time="0">
<skipped>
</skipped>
</testcase>
<testcase name="Analytics Dashboard › Top Performing Content › should navigate to post details" classname="analytics.spec.ts" time="0">
<skipped>
</skipped>
</testcase>
<testcase name="Analytics Dashboard › Top Performing Content › should sort top posts by different metrics" classname="analytics.spec.ts" time="0">
<skipped>
</skipped>
</testcase>
<testcase name="Analytics Dashboard › Audience Insights › should display audience demographics" classname="analytics.spec.ts" time="0">
<skipped>
</skipped>
</testcase>
<testcase name="Analytics Dashboard › Audience Insights › should show audience geography distribution" classname="analytics.spec.ts" time="0">
<skipped>
</skipped>
</testcase>
<testcase name="Analytics Dashboard › Audience Insights › should display audience activity patterns" classname="analytics.spec.ts" time="0">
<skipped>
</skipped>
</testcase>
<testcase name="Analytics Dashboard › Report Generation › should generate summary report" classname="analytics.spec.ts" time="0">
<skipped>
</skipped>
</testcase>
<testcase name="Analytics Dashboard › Report Generation › should schedule recurring reports" classname="analytics.spec.ts" time="0">
<skipped>
</skipped>
</testcase>
<testcase name="Analytics Dashboard › Report Generation › should download reports in different formats" classname="analytics.spec.ts" time="0">
<skipped>
</skipped>
</testcase>
<testcase name="Analytics Dashboard › Report Generation › should handle report generation errors" classname="analytics.spec.ts" time="0">
<skipped>
</skipped>
</testcase>
<testcase name="Analytics Dashboard › Data Export › should export analytics data" classname="analytics.spec.ts" time="0">
<skipped>
</skipped>
</testcase>
<testcase name="Analytics Dashboard › Data Export › should export data with current filters applied" classname="analytics.spec.ts" time="0">
<skipped>
</skipped>
</testcase>
<testcase name="Analytics Dashboard › Real-time Updates › should refresh analytics data" classname="analytics.spec.ts" time="0">
<skipped>
</skipped>
</testcase>
<testcase name="Analytics Dashboard › Real-time Updates › should show last updated timestamp" classname="analytics.spec.ts" time="0">
<skipped>
</skipped>
</testcase>
<testcase name="Analytics Dashboard › Error Handling › should handle API errors gracefully" classname="analytics.spec.ts" time="0">
<skipped>
</skipped>
</testcase>
<testcase name="Analytics Dashboard › Error Handling › should handle empty data states" classname="analytics.spec.ts" time="0">
<skipped>
</skipped>
</testcase>
<testcase name="Analytics Dashboard › Error Handling › should handle network timeouts" classname="analytics.spec.ts" time="0">
<skipped>
</skipped>
</testcase>
<testcase name="Analytics Dashboard › Accessibility › analytics dashboard should be accessible" classname="analytics.spec.ts" time="0">
<skipped>
</skipped>
</testcase>
<testcase name="Analytics Dashboard › Accessibility › should support keyboard navigation" classname="analytics.spec.ts" time="0">
<skipped>
</skipped>
</testcase>
<testcase name="Analytics Dashboard › Accessibility › charts should have proper ARIA labels" classname="analytics.spec.ts" time="0">
<skipped>
</skipped>
</testcase>
<testcase name="Analytics Dashboard › Mobile Responsiveness › should work on mobile devices" classname="analytics.spec.ts" time="0">
<skipped>
</skipped>
</testcase>
<testcase name="Analytics Dashboard › Mobile Responsiveness › should handle touch interactions on charts" classname="analytics.spec.ts" time="0">
<skipped>
</skipped>
</testcase>
<testcase name="Analytics Dashboard › Performance Monitoring › should load large datasets efficiently" classname="analytics.spec.ts" time="0">
<skipped>
</skipped>
</testcase>
<testcase name="Analytics Dashboard › Performance Monitoring › should maintain performance with complex filters" classname="analytics.spec.ts" time="0">
<skipped>
</skipped>
</testcase>
</testsuite>
<testsuite name="auth.spec.ts" timestamp="2025-09-27T23:34:44.126Z" hostname="chromium" tests="32" failures="0" skipped="32" time="0" errors="0">
<testcase name="Authentication Flows › Login Flow › should successfully login with valid credentials" classname="auth.spec.ts" time="0">
<skipped>
</skipped>
</testcase>
<testcase name="Authentication Flows › Login Flow › should show error for invalid credentials" classname="auth.spec.ts" time="0">
<skipped>
</skipped>
</testcase>
<testcase name="Authentication Flows › Login Flow › should show error for missing email" classname="auth.spec.ts" time="0">
<skipped>
</skipped>
</testcase>
<testcase name="Authentication Flows › Login Flow › should show error for missing password" classname="auth.spec.ts" time="0">
<skipped>
</skipped>
</testcase>
<testcase name="Authentication Flows › Login Flow › should navigate to sign up page from login" classname="auth.spec.ts" time="0">
<skipped>
</skipped>
</testcase>
<testcase name="Authentication Flows › Login Flow › should navigate to forgot password from login" classname="auth.spec.ts" time="0">
<skipped>
</skipped>
</testcase>
<testcase name="Authentication Flows › Login Flow › should remember login state after page refresh" classname="auth.spec.ts" time="0">
<skipped>
</skipped>
</testcase>
<testcase name="Authentication Flows › Registration Flow › should successfully register new user" classname="auth.spec.ts" time="0">
<skipped>
</skipped>
</testcase>
<testcase name="Authentication Flows › Registration Flow › should show error for mismatched passwords" classname="auth.spec.ts" time="0">
<skipped>
</skipped>
</testcase>
<testcase name="Authentication Flows › Registration Flow › should show error for weak password" classname="auth.spec.ts" time="0">
<skipped>
</skipped>
</testcase>
<testcase name="Authentication Flows › Registration Flow › should show error for existing email" classname="auth.spec.ts" time="0">
<skipped>
</skipped>
</testcase>
<testcase name="Authentication Flows › Registration Flow › should navigate to login page from sign up" classname="auth.spec.ts" time="0">
<skipped>
</skipped>
</testcase>
<testcase name="Authentication Flows › Registration Flow › should require terms acceptance" classname="auth.spec.ts" time="0">
<skipped>
</skipped>
</testcase>
<testcase name="Authentication Flows › Password Reset Flow › should send password reset email" classname="auth.spec.ts" time="0">
<skipped>
</skipped>
</testcase>
<testcase name="Authentication Flows › Password Reset Flow › should show error for non-existent email" classname="auth.spec.ts" time="0">
<skipped>
</skipped>
</testcase>
<testcase name="Authentication Flows › Password Reset Flow › should navigate back to login from forgot password" classname="auth.spec.ts" time="0">
<skipped>
</skipped>
</testcase>
<testcase name="Authentication Flows › Password Reset Flow › should reset password with valid token" classname="auth.spec.ts" time="0">
<skipped>
</skipped>
</testcase>
<testcase name="Authentication Flows › Logout Flow › should successfully logout user" classname="auth.spec.ts" time="0">
<skipped>
</skipped>
</testcase>
<testcase name="Authentication Flows › Logout Flow › should clear session data on logout" classname="auth.spec.ts" time="0">
<skipped>
</skipped>
</testcase>
<testcase name="Authentication Flows › MFA Flow › should handle MFA verification" classname="auth.spec.ts" time="0">
<properties>
<property name="skip" value="">
</property>
</properties>
<skipped>
</skipped>
</testcase>
<testcase name="Authentication Flows › MFA Flow › should show error for invalid MFA code" classname="auth.spec.ts" time="0">
<properties>
<property name="skip" value="">
</property>
</properties>
<skipped>
</skipped>
</testcase>
<testcase name="Authentication Flows › MFA Flow › should allow MFA code resend" classname="auth.spec.ts" time="0">
<properties>
<property name="skip" value="">
</property>
</properties>
<skipped>
</skipped>
</testcase>
<testcase name="Authentication Flows › Social Login › should login with Google" classname="auth.spec.ts" time="0">
<properties>
<property name="skip" value="">
</property>
</properties>
<skipped>
</skipped>
</testcase>
<testcase name="Authentication Flows › Social Login › should login with GitHub" classname="auth.spec.ts" time="0">
<properties>
<property name="skip" value="">
</property>
</properties>
<skipped>
</skipped>
</testcase>
<testcase name="Authentication Flows › Session Management › should handle expired session" classname="auth.spec.ts" time="0">
<skipped>
</skipped>
</testcase>
<testcase name="Authentication Flows › Session Management › should maintain session across tabs" classname="auth.spec.ts" time="0">
<skipped>
</skipped>
</testcase>
<testcase name="Authentication Flows › Form Validation › should validate email format on login" classname="auth.spec.ts" time="0">
<skipped>
</skipped>
</testcase>
<testcase name="Authentication Flows › Form Validation › should validate email format on registration" classname="auth.spec.ts" time="0">
<skipped>
</skipped>
</testcase>
<testcase name="Authentication Flows › Form Validation › should validate required fields on registration" classname="auth.spec.ts" time="0">
<skipped>
</skipped>
</testcase>
<testcase name="Authentication Flows › Accessibility › login page should be accessible" classname="auth.spec.ts" time="0">
<skipped>
</skipped>
</testcase>
<testcase name="Authentication Flows › Accessibility › registration page should be accessible" classname="auth.spec.ts" time="0">
<skipped>
</skipped>
</testcase>
<testcase name="Authentication Flows › Accessibility › should support keyboard navigation on login form" classname="auth.spec.ts" time="0">
<skipped>
</skipped>
</testcase>
</testsuite>
<testsuite name="publishing.spec.ts" timestamp="2025-09-27T23:34:44.126Z" hostname="chromium" tests="38" failures="0" skipped="38" time="0" errors="0">
<testcase name="Publishing Workflows › Post Creation › should create a basic text post" classname="publishing.spec.ts" time="0">
<skipped>
</skipped>
</testcase>
<testcase name="Publishing Workflows › Post Creation › should validate required content" classname="publishing.spec.ts" time="0">
<skipped>
</skipped>
</testcase>
<testcase name="Publishing Workflows › Post Creation › should validate channel selection" classname="publishing.spec.ts" time="0">
<skipped>
</skipped>
</testcase>
<testcase name="Publishing Workflows › Post Creation › should show character count for different platforms" classname="publishing.spec.ts" time="0">
<skipped>
</skipped>
</testcase>
<testcase name="Publishing Workflows › Post Creation › should auto-save draft while typing" classname="publishing.spec.ts" time="0">
<skipped>
</skipped>
</testcase>
<testcase name="Publishing Workflows › Post Creation › should preserve draft on page refresh" classname="publishing.spec.ts" time="0">
<skipped>
</skipped>
</testcase>
<testcase name="Publishing Workflows › Media Upload › should upload single image" classname="publishing.spec.ts" time="0">
<skipped>
</skipped>
</testcase>
<testcase name="Publishing Workflows › Media Upload › should upload multiple images" classname="publishing.spec.ts" time="0">
<skipped>
</skipped>
</testcase>
<testcase name="Publishing Workflows › Media Upload › should remove uploaded media" classname="publishing.spec.ts" time="0">
<skipped>
</skipped>
</testcase>
<testcase name="Publishing Workflows › Media Upload › should validate file size limits" classname="publishing.spec.ts" time="0">
<skipped>
</skipped>
</testcase>
<testcase name="Publishing Workflows › Media Upload › should validate file type restrictions" classname="publishing.spec.ts" time="0">
<skipped>
</skipped>
</testcase>
<testcase name="Publishing Workflows › Channel Selection › should select individual channels" classname="publishing.spec.ts" time="0">
<skipped>
</skipped>
</testcase>
<testcase name="Publishing Workflows › Channel Selection › should select all channels" classname="publishing.spec.ts" time="0">
<skipped>
</skipped>
</testcase>
<testcase name="Publishing Workflows › Channel Selection › should deselect all channels" classname="publishing.spec.ts" time="0">
<skipped>
</skipped>
</testcase>
<testcase name="Publishing Workflows › Channel Selection › should show platform-specific previews" classname="publishing.spec.ts" time="0">
<skipped>
</skipped>
</testcase>
<testcase name="Publishing Workflows › Post Scheduling › should schedule post for future date" classname="publishing.spec.ts" time="0">
<skipped>
</skipped>
</testcase>
<testcase name="Publishing Workflows › Post Scheduling › should use optimal posting time" classname="publishing.spec.ts" time="0">
<skipped>
</skipped>
</testcase>
<testcase name="Publishing Workflows › Post Scheduling › should validate future scheduling time" classname="publishing.spec.ts" time="0">
<skipped>
</skipped>
</testcase>
<testcase name="Publishing Workflows › Post Scheduling › should allow scheduling timezone selection" classname="publishing.spec.ts" time="0">
<skipped>
</skipped>
</testcase>
<testcase name="Publishing Workflows › Advanced Features › should configure advanced post options" classname="publishing.spec.ts" time="0">
<skipped>
</skipped>
</testcase>
<testcase name="Publishing Workflows › Advanced Features › should enable cross-platform posting" classname="publishing.spec.ts" time="0">
<skipped>
</skipped>
</testcase>
<testcase name="Publishing Workflows › Advanced Features › should configure Twitter thread" classname="publishing.spec.ts" time="0">
<skipped>
</skipped>
</testcase>
<testcase name="Publishing Workflows › Advanced Features › should configure Instagram story" classname="publishing.spec.ts" time="0">
<skipped>
</skipped>
</testcase>
<testcase name="Publishing Workflows › Publishing Actions › should publish post immediately" classname="publishing.spec.ts" time="0">
<skipped>
</skipped>
</testcase>
<testcase name="Publishing Workflows › Publishing Actions › should save post as draft" classname="publishing.spec.ts" time="0">
<skipped>
</skipped>
</testcase>
<testcase name="Publishing Workflows › Publishing Actions › should preview post before publishing" classname="publishing.spec.ts" time="0">
<skipped>
</skipped>
</testcase>
<testcase name="Publishing Workflows › Publishing Actions › should cancel post creation" classname="publishing.spec.ts" time="0">
<skipped>
</skipped>
</testcase>
<testcase name="Publishing Workflows › Post Editing › should edit existing draft" classname="publishing.spec.ts" time="0">
<skipped>
</skipped>
</testcase>
<testcase name="Publishing Workflows › Post Editing › should preserve existing media when editing" classname="publishing.spec.ts" time="0">
<skipped>
</skipped>
</testcase>
<testcase name="Publishing Workflows › Validation and Error Handling › should handle character limit warnings" classname="publishing.spec.ts" time="0">
<skipped>
</skipped>
</testcase>
<testcase name="Publishing Workflows › Validation and Error Handling › should handle network errors gracefully" classname="publishing.spec.ts" time="0">
<skipped>
</skipped>
</testcase>
<testcase name="Publishing Workflows › Validation and Error Handling › should handle media upload failures" classname="publishing.spec.ts" time="0">
<skipped>
</skipped>
</testcase>
<testcase name="Publishing Workflows › Performance › should load post creation form quickly" classname="publishing.spec.ts" time="0">
<skipped>
</skipped>
</testcase>
<testcase name="Publishing Workflows › Performance › should handle large content efficiently" classname="publishing.spec.ts" time="0">
<skipped>
</skipped>
</testcase>
<testcase name="Publishing Workflows › Accessibility › post creation form should be accessible" classname="publishing.spec.ts" time="0">
<skipped>
</skipped>
</testcase>
<testcase name="Publishing Workflows › Accessibility › should support keyboard navigation" classname="publishing.spec.ts" time="0">
<skipped>
</skipped>
</testcase>
<testcase name="Publishing Workflows › Mobile Responsiveness › should work on mobile devices" classname="publishing.spec.ts" time="0">
<skipped>
</skipped>
</testcase>
<testcase name="Publishing Workflows › Mobile Responsiveness › should handle touch interactions" classname="publishing.spec.ts" time="0">
<skipped>
</skipped>
</testcase>
</testsuite>
<testsuite name="visual.spec.ts" timestamp="2025-09-27T23:34:44.126Z" hostname="chromium" tests="26" failures="0" skipped="26" time="0" errors="0">
<testcase name="Visual Regression Tests › Authentication Pages › login page should match baseline" classname="visual.spec.ts" time="0">
<skipped>
</skipped>
</testcase>
<testcase name="Visual Regression Tests › Authentication Pages › registration page should match baseline" classname="visual.spec.ts" time="0">
<skipped>
</skipped>
</testcase>
<testcase name="Visual Regression Tests › Authentication Pages › forgot password page should match baseline" classname="visual.spec.ts" time="0">
<skipped>
</skipped>
</testcase>
<testcase name="Visual Regression Tests › Dashboard Views › dashboard overview should match baseline" classname="visual.spec.ts" time="0">
<skipped>
</skipped>
</testcase>
<testcase name="Visual Regression Tests › Dashboard Views › empty dashboard state should match baseline" classname="visual.spec.ts" time="0">
<skipped>
</skipped>
</testcase>
<testcase name="Visual Regression Tests › Dashboard Views › sidebar navigation should match baseline" classname="visual.spec.ts" time="0">
<skipped>
</skipped>
</testcase>
<testcase name="Visual Regression Tests › Post Creation Interface › new post form should match baseline" classname="visual.spec.ts" time="0">
<skipped>
</skipped>
</testcase>
<testcase name="Visual Regression Tests › Post Creation Interface › post form with content should match baseline" classname="visual.spec.ts" time="0">
<skipped>
</skipped>
</testcase>
<testcase name="Visual Regression Tests › Post Creation Interface › platform preview should match baseline" classname="visual.spec.ts" time="0">
<skipped>
</skipped>
</testcase>
<testcase name="Visual Regression Tests › Post Creation Interface › scheduling interface should match baseline" classname="visual.spec.ts" time="0">
<skipped>
</skipped>
</testcase>
<testcase name="Visual Regression Tests › Analytics Dashboard › analytics overview should match baseline" classname="visual.spec.ts" time="0">
<skipped>
</skipped>
</testcase>
<testcase name="Visual Regression Tests › Analytics Dashboard › metrics cards should match baseline" classname="visual.spec.ts" time="0">
<skipped>
</skipped>
</testcase>
<testcase name="Visual Regression Tests › Analytics Dashboard › empty analytics state should match baseline" classname="visual.spec.ts" time="0">
<skipped>
</skipped>
</testcase>
<testcase name="Visual Regression Tests › Responsive Design › mobile dashboard should match baseline" classname="visual.spec.ts" time="0">
<skipped>
</skipped>
</testcase>
<testcase name="Visual Regression Tests › Responsive Design › tablet dashboard should match baseline" classname="visual.spec.ts" time="0">
<skipped>
</skipped>
</testcase>
<testcase name="Visual Regression Tests › Responsive Design › mobile post creation should match baseline" classname="visual.spec.ts" time="0">
<skipped>
</skipped>
</testcase>
<testcase name="Visual Regression Tests › Component States › loading states should match baseline" classname="visual.spec.ts" time="0">
<skipped>
</skipped>
</testcase>
<testcase name="Visual Regression Tests › Component States › error states should match baseline" classname="visual.spec.ts" time="0">
<skipped>
</skipped>
</testcase>
<testcase name="Visual Regression Tests › Component States › success toast should match baseline" classname="visual.spec.ts" time="0">
<skipped>
</skipped>
</testcase>
<testcase name="Visual Regression Tests › Component States › form validation errors should match baseline" classname="visual.spec.ts" time="0">
<skipped>
</skipped>
</testcase>
<testcase name="Visual Regression Tests › Dark Mode › dark mode dashboard should match baseline" classname="visual.spec.ts" time="0">
<skipped>
</skipped>
</testcase>
<testcase name="Visual Regression Tests › Dark Mode › dark mode login should match baseline" classname="visual.spec.ts" time="0">
<skipped>
</skipped>
</testcase>
<testcase name="Visual Regression Tests › Dark Mode › dark mode post creation should match baseline" classname="visual.spec.ts" time="0">
<skipped>
</skipped>
</testcase>
<testcase name="Visual Regression Tests › Internationalization › should match baseline in different languages" classname="visual.spec.ts" time="0">
<properties>
<property name="skip" value="">
</property>
</properties>
<skipped>
</skipped>
</testcase>
<testcase name="Visual Regression Tests › Animation States › hover states should match baseline" classname="visual.spec.ts" time="0">
<skipped>
</skipped>
</testcase>
<testcase name="Visual Regression Tests › Animation States › focus states should match baseline" classname="visual.spec.ts" time="0">
<skipped>
</skipped>
</testcase>
</testsuite>
<testsuite name="analytics.spec.ts" timestamp="2025-09-27T23:34:44.126Z" hostname="firefox" tests="42" failures="0" skipped="42" time="0" errors="0">
<testcase name="Analytics Dashboard › Analytics Overview › should load analytics dashboard" classname="analytics.spec.ts" time="0">
<skipped>
</skipped>
</testcase>
<testcase name="Analytics Dashboard › Analytics Overview › should display key metrics cards" classname="analytics.spec.ts" time="0">
<skipped>
</skipped>
</testcase>
<testcase name="Analytics Dashboard › Analytics Overview › should show charts and graphs" classname="analytics.spec.ts" time="0">
<skipped>
</skipped>
</testcase>
<testcase name="Analytics Dashboard › Analytics Overview › should measure analytics load performance" classname="analytics.spec.ts" time="0">
<skipped>
</skipped>
</testcase>
<testcase name="Analytics Dashboard › Date Range Selection › should filter by predefined date ranges" classname="analytics.spec.ts" time="0">
<skipped>
</skipped>
</testcase>
<testcase name="Analytics Dashboard › Date Range Selection › should allow custom date range selection" classname="analytics.spec.ts" time="0">
<skipped>
</skipped>
</testcase>
<testcase name="Analytics Dashboard › Date Range Selection › should validate date range constraints" classname="analytics.spec.ts" time="0">
<skipped>
</skipped>
</testcase>
<testcase name="Analytics Dashboard › Filtering and Segmentation › should filter by platform" classname="analytics.spec.ts" time="0">
<skipped>
</skipped>
</testcase>
<testcase name="Analytics Dashboard › Filtering and Segmentation › should filter by post type" classname="analytics.spec.ts" time="0">
<skipped>
</skipped>
</testcase>
<testcase name="Analytics Dashboard › Filtering and Segmentation › should filter by specific channels" classname="analytics.spec.ts" time="0">
<skipped>
</skipped>
</testcase>
<testcase name="Analytics Dashboard › Filtering and Segmentation › should reset all filters" classname="analytics.spec.ts" time="0">
<skipped>
</skipped>
</testcase>
<testcase name="Analytics Dashboard › Chart Interactions › should switch chart types" classname="analytics.spec.ts" time="0">
<skipped>
</skipped>
</testcase>
<testcase name="Analytics Dashboard › Chart Interactions › should change chart timeline" classname="analytics.spec.ts" time="0">
<skipped>
</skipped>
</testcase>
<testcase name="Analytics Dashboard › Chart Interactions › should expand charts to fullscreen" classname="analytics.spec.ts" time="0">
<skipped>
</skipped>
</testcase>
<testcase name="Analytics Dashboard › Chart Interactions › should handle chart hover interactions" classname="analytics.spec.ts" time="0">
<skipped>
</skipped>
</testcase>
<testcase name="Analytics Dashboard › Platform-Specific Analytics › should show Twitter-specific metrics" classname="analytics.spec.ts" time="0">
<skipped>
</skipped>
</testcase>
<testcase name="Analytics Dashboard › Platform-Specific Analytics › should show Instagram-specific metrics" classname="analytics.spec.ts" time="0">
<skipped>
</skipped>
</testcase>
<testcase name="Analytics Dashboard › Platform-Specific Analytics › should compare metrics across platforms" classname="analytics.spec.ts" time="0">
<skipped>
</skipped>
</testcase>
<testcase name="Analytics Dashboard › Top Performing Content › should display top performing posts" classname="analytics.spec.ts" time="0">
<skipped>
</skipped>
</testcase>
<testcase name="Analytics Dashboard › Top Performing Content › should navigate to post details" classname="analytics.spec.ts" time="0">
<skipped>
</skipped>
</testcase>
<testcase name="Analytics Dashboard › Top Performing Content › should sort top posts by different metrics" classname="analytics.spec.ts" time="0">
<skipped>
</skipped>
</testcase>
<testcase name="Analytics Dashboard › Audience Insights › should display audience demographics" classname="analytics.spec.ts" time="0">
<skipped>
</skipped>
</testcase>
<testcase name="Analytics Dashboard › Audience Insights › should show audience geography distribution" classname="analytics.spec.ts" time="0">
<skipped>
</skipped>
</testcase>
<testcase name="Analytics Dashboard › Audience Insights › should display audience activity patterns" classname="analytics.spec.ts" time="0">
<skipped>
</skipped>
</testcase>
<testcase name="Analytics Dashboard › Report Generation › should generate summary report" classname="analytics.spec.ts" time="0">
<skipped>
</skipped>
</testcase>
<testcase name="Analytics Dashboard › Report Generation › should schedule recurring reports" classname="analytics.spec.ts" time="0">
<skipped>
</skipped>
</testcase>
<testcase name="Analytics Dashboard › Report Generation › should download reports in different formats" classname="analytics.spec.ts" time="0">
<skipped>
</skipped>
</testcase>
<testcase name="Analytics Dashboard › Report Generation › should handle report generation errors" classname="analytics.spec.ts" time="0">
<skipped>
</skipped>
</testcase>
<testcase name="Analytics Dashboard › Data Export › should export analytics data" classname="analytics.spec.ts" time="0">
<skipped>
</skipped>
</testcase>
<testcase name="Analytics Dashboard › Data Export › should export data with current filters applied" classname="analytics.spec.ts" time="0">
<skipped>
</skipped>
</testcase>
<testcase name="Analytics Dashboard › Real-time Updates › should refresh analytics data" classname="analytics.spec.ts" time="0">
<skipped>
</skipped>
</testcase>
<testcase name="Analytics Dashboard › Real-time Updates › should show last updated timestamp" classname="analytics.spec.ts" time="0">
<skipped>
</skipped>
</testcase>
<testcase name="Analytics Dashboard › Error Handling › should handle API errors gracefully" classname="analytics.spec.ts" time="0">
<skipped>
</skipped>
</testcase>
<testcase name="Analytics Dashboard › Error Handling › should handle empty data states" classname="analytics.spec.ts" time="0">
<skipped>
</skipped>
</testcase>
<testcase name="Analytics Dashboard › Error Handling › should handle network timeouts" classname="analytics.spec.ts" time="0">
<skipped>
</skipped>
</testcase>
<testcase name="Analytics Dashboard › Accessibility › analytics dashboard should be accessible" classname="analytics.spec.ts" time="0">
<skipped>
</skipped>
</testcase>
<testcase name="Analytics Dashboard › Accessibility › should support keyboard navigation" classname="analytics.spec.ts" time="0">
<skipped>
</skipped>
</testcase>
<testcase name="Analytics Dashboard › Accessibility › charts should have proper ARIA labels" classname="analytics.spec.ts" time="0">
<skipped>
</skipped>
</testcase>
<testcase name="Analytics Dashboard › Mobile Responsiveness › should work on mobile devices" classname="analytics.spec.ts" time="0">
<skipped>
</skipped>
</testcase>
<testcase name="Analytics Dashboard › Mobile Responsiveness › should handle touch interactions on charts" classname="analytics.spec.ts" time="0">
<skipped>
</skipped>
</testcase>
<testcase name="Analytics Dashboard › Performance Monitoring › should load large datasets efficiently" classname="analytics.spec.ts" time="0">
<skipped>
</skipped>
</testcase>
<testcase name="Analytics Dashboard › Performance Monitoring › should maintain performance with complex filters" classname="analytics.spec.ts" time="0">
<skipped>
</skipped>
</testcase>
</testsuite>
<testsuite name="auth.spec.ts" timestamp="2025-09-27T23:34:44.126Z" hostname="firefox" tests="32" failures="0" skipped="32" time="0" errors="0">
<testcase name="Authentication Flows › Login Flow › should successfully login with valid credentials" classname="auth.spec.ts" time="0">
<skipped>
</skipped>
</testcase>
<testcase name="Authentication Flows › Login Flow › should show error for invalid credentials" classname="auth.spec.ts" time="0">
<skipped>
</skipped>
</testcase>
<testcase name="Authentication Flows › Login Flow › should show error for missing email" classname="auth.spec.ts" time="0">
<skipped>
</skipped>
</testcase>
<testcase name="Authentication Flows › Login Flow › should show error for missing password" classname="auth.spec.ts" time="0">
<skipped>
</skipped>
</testcase>
<testcase name="Authentication Flows › Login Flow › should navigate to sign up page from login" classname="auth.spec.ts" time="0">
<skipped>
</skipped>
</testcase>
<testcase name="Authentication Flows › Login Flow › should navigate to forgot password from login" classname="auth.spec.ts" time="0">
<skipped>
</skipped>
</testcase>
<testcase name="Authentication Flows › Login Flow › should remember login state after page refresh" classname="auth.spec.ts" time="0">
<skipped>
</skipped>
</testcase>
<testcase name="Authentication Flows › Registration Flow › should successfully register new user" classname="auth.spec.ts" time="0">
<skipped>
</skipped>
</testcase>
<testcase name="Authentication Flows › Registration Flow › should show error for mismatched passwords" classname="auth.spec.ts" time="0">
<skipped>
</skipped>
</testcase>
<testcase name="Authentication Flows › Registration Flow › should show error for weak password" classname="auth.spec.ts" time="0">
<skipped>
</skipped>
</testcase>
<testcase name="Authentication Flows › Registration Flow › should show error for existing email" classname="auth.spec.ts" time="0">
<skipped>
</skipped>
</testcase>
<testcase name="Authentication Flows › Registration Flow › should navigate to login page from sign up" classname="auth.spec.ts" time="0">
<skipped>
</skipped>
</testcase>
<testcase name="Authentication Flows › Registration Flow › should require terms acceptance" classname="auth.spec.ts" time="0">
<skipped>
</skipped>
</testcase>
<testcase name="Authentication Flows › Password Reset Flow › should send password reset email" classname="auth.spec.ts" time="0">
<skipped>
</skipped>
</testcase>
<testcase name="Authentication Flows › Password Reset Flow › should show error for non-existent email" classname="auth.spec.ts" time="0">
<skipped>
</skipped>
</testcase>
<testcase name="Authentication Flows › Password Reset Flow › should navigate back to login from forgot password" classname="auth.spec.ts" time="0">
<skipped>
</skipped>
</testcase>
<testcase name="Authentication Flows › Password Reset Flow › should reset password with valid token" classname="auth.spec.ts" time="0">
<skipped>
</skipped>
</testcase>
<testcase name="Authentication Flows › Logout Flow › should successfully logout user" classname="auth.spec.ts" time="0">
<skipped>
</skipped>
</testcase>
<testcase name="Authentication Flows › Logout Flow › should clear session data on logout" classname="auth.spec.ts" time="0">
<skipped>
</skipped>
</testcase>
<testcase name="Authentication Flows › MFA Flow › should handle MFA verification" classname="auth.spec.ts" time="0">
<properties>
<property name="skip" value="">
</property>
</properties>
<skipped>
</skipped>
</testcase>
<testcase name="Authentication Flows › MFA Flow › should show error for invalid MFA code" classname="auth.spec.ts" time="0">
<properties>
<property name="skip" value="">
</property>
</properties>
<skipped>
</skipped>
</testcase>
<testcase name="Authentication Flows › MFA Flow › should allow MFA code resend" classname="auth.spec.ts" time="0">
<properties>
<property name="skip" value="">
</property>
</properties>
<skipped>
</skipped>
</testcase>
<testcase name="Authentication Flows › Social Login › should login with Google" classname="auth.spec.ts" time="0">
<properties>
<property name="skip" value="">
</property>
</properties>
<skipped>
</skipped>
</testcase>
<testcase name="Authentication Flows › Social Login › should login with GitHub" classname="auth.spec.ts" time="0">
<properties>
<property name="skip" value="">
</property>
</properties>
<skipped>
</skipped>
</testcase>
<testcase name="Authentication Flows › Session Management › should handle expired session" classname="auth.spec.ts" time="0">
<skipped>
</skipped>
</testcase>
<testcase name="Authentication Flows › Session Management › should maintain session across tabs" classname="auth.spec.ts" time="0">
<skipped>
</skipped>
</testcase>
<testcase name="Authentication Flows › Form Validation › should validate email format on login" classname="auth.spec.ts" time="0">
<skipped>
</skipped>
</testcase>
<testcase name="Authentication Flows › Form Validation › should validate email format on registration" classname="auth.spec.ts" time="0">
<skipped>
</skipped>
</testcase>
<testcase name="Authentication Flows › Form Validation › should validate required fields on registration" classname="auth.spec.ts" time="0">
<skipped>
</skipped>
</testcase>
<testcase name="Authentication Flows › Accessibility › login page should be accessible" classname="auth.spec.ts" time="0">
<skipped>
</skipped>
</testcase>
<testcase name="Authentication Flows › Accessibility › registration page should be accessible" classname="auth.spec.ts" time="0">
<skipped>
</skipped>
</testcase>
<testcase name="Authentication Flows › Accessibility › should support keyboard navigation on login form" classname="auth.spec.ts" time="0">
<skipped>
</skipped>
</testcase>
</testsuite>
<testsuite name="publishing.spec.ts" timestamp="2025-09-27T23:34:44.126Z" hostname="firefox" tests="38" failures="0" skipped="38" time="0" errors="0">
<testcase name="Publishing Workflows › Post Creation › should create a basic text post" classname="publishing.spec.ts" time="0">
<skipped>
</skipped>
</testcase>
<testcase name="Publishing Workflows › Post Creation › should validate required content" classname="publishing.spec.ts" time="0">
<skipped>
</skipped>
</testcase>
<testcase name="Publishing Workflows › Post Creation › should validate channel selection" classname="publishing.spec.ts" time="0">
<skipped>
</skipped>
</testcase>
<testcase name="Publishing Workflows › Post Creation › should show character count for different platforms" classname="publishing.spec.ts" time="0">
<skipped>
</skipped>
</testcase>
<testcase name="Publishing Workflows › Post Creation › should auto-save draft while typing" classname="publishing.spec.ts" time="0">
<skipped>
</skipped>
</testcase>
<testcase name="Publishing Workflows › Post Creation › should preserve draft on page refresh" classname="publishing.spec.ts" time="0">
<skipped>
</skipped>
</testcase>
<testcase name="Publishing Workflows › Media Upload › should upload single image" classname="publishing.spec.ts" time="0">
<skipped>
</skipped>
</testcase>
<testcase name="Publishing Workflows › Media Upload › should upload multiple images" classname="publishing.spec.ts" time="0">
<skipped>
</skipped>
</testcase>
<testcase name="Publishing Workflows › Media Upload › should remove uploaded media" classname="publishing.spec.ts" time="0">
<skipped>
</skipped>
</testcase>
<testcase name="Publishing Workflows › Media Upload › should validate file size limits" classname="publishing.spec.ts" time="0">
<skipped>
</skipped>
</testcase>
<testcase name="Publishing Workflows › Media Upload › should validate file type restrictions" classname="publishing.spec.ts" time="0">
<skipped>
</skipped>
</testcase>
<testcase name="Publishing Workflows › Channel Selection › should select individual channels" classname="publishing.spec.ts" time="0">
<skipped>
</skipped>
</testcase>
<testcase name="Publishing Workflows › Channel Selection › should select all channels" classname="publishing.spec.ts" time="0">
<skipped>
</skipped>
</testcase>
<testcase name="Publishing Workflows › Channel Selection › should deselect all channels" classname="publishing.spec.ts" time="0">
<skipped>
</skipped>
</testcase>
<testcase name="Publishing Workflows › Channel Selection › should show platform-specific previews" classname="publishing.spec.ts" time="0">
<skipped>
</skipped>
</testcase>
<testcase name="Publishing Workflows › Post Scheduling › should schedule post for future date" classname="publishing.spec.ts" time="0">
<skipped>
</skipped>
</testcase>
<testcase name="Publishing Workflows › Post Scheduling › should use optimal posting time" classname="publishing.spec.ts" time="0">
<skipped>
</skipped>
</testcase>
<testcase name="Publishing Workflows › Post Scheduling › should validate future scheduling time" classname="publishing.spec.ts" time="0">
<skipped>
</skipped>
</testcase>
<testcase name="Publishing Workflows › Post Scheduling › should allow scheduling timezone selection" classname="publishing.spec.ts" time="0">
<skipped>
</skipped>
</testcase>
<testcase name="Publishing Workflows › Advanced Features › should configure advanced post options" classname="publishing.spec.ts" time="0">
<skipped>
</skipped>
</testcase>
<testcase name="Publishing Workflows › Advanced Features › should enable cross-platform posting" classname="publishing.spec.ts" time="0">
<skipped>
</skipped>
</testcase>
<testcase name="Publishing Workflows › Advanced Features › should configure Twitter thread" classname="publishing.spec.ts" time="0">
<skipped>
</skipped>
</testcase>
<testcase name="Publishing Workflows › Advanced Features › should configure Instagram story" classname="publishing.spec.ts" time="0">
<skipped>
</skipped>
</testcase>
<testcase name="Publishing Workflows › Publishing Actions › should publish post immediately" classname="publishing.spec.ts" time="0">
<skipped>
</skipped>
</testcase>
<testcase name="Publishing Workflows › Publishing Actions › should save post as draft" classname="publishing.spec.ts" time="0">
<skipped>
</skipped>
</testcase>
<testcase name="Publishing Workflows › Publishing Actions › should preview post before publishing" classname="publishing.spec.ts" time="0">
<skipped>
</skipped>
</testcase>
<testcase name="Publishing Workflows › Publishing Actions › should cancel post creation" classname="publishing.spec.ts" time="0">
<skipped>
</skipped>
</testcase>
<testcase name="Publishing Workflows › Post Editing › should edit existing draft" classname="publishing.spec.ts" time="0">
<skipped>
</skipped>
</testcase>
<testcase name="Publishing Workflows › Post Editing › should preserve existing media when editing" classname="publishing.spec.ts" time="0">
<skipped>
</skipped>
</testcase>
<testcase name="Publishing Workflows › Validation and Error Handling › should handle character limit warnings" classname="publishing.spec.ts" time="0">
<skipped>
</skipped>
</testcase>
<testcase name="Publishing Workflows › Validation and Error Handling › should handle network errors gracefully" classname="publishing.spec.ts" time="0">
<skipped>
</skipped>
</testcase>
<testcase name="Publishing Workflows › Validation and Error Handling › should handle media upload failures" classname="publishing.spec.ts" time="0">
<skipped>
</skipped>
</testcase>
<testcase name="Publishing Workflows › Performance › should load post creation form quickly" classname="publishing.spec.ts" time="0">
<skipped>
</skipped>
</testcase>
<testcase name="Publishing Workflows › Performance › should handle large content efficiently" classname="publishing.spec.ts" time="0">
<skipped>
</skipped>
</testcase>
<testcase name="Publishing Workflows › Accessibility › post creation form should be accessible" classname="publishing.spec.ts" time="0">
<skipped>
</skipped>
</testcase>
<testcase name="Publishing Workflows › Accessibility › should support keyboard navigation" classname="publishing.spec.ts" time="0">
<skipped>
</skipped>
</testcase>
<testcase name="Publishing Workflows › Mobile Responsiveness › should work on mobile devices" classname="publishing.spec.ts" time="0">
<skipped>
</skipped>
</testcase>
<testcase name="Publishing Workflows › Mobile Responsiveness › should handle touch interactions" classname="publishing.spec.ts" time="0">
<skipped>
</skipped>
</testcase>
</testsuite>
<testsuite name="visual.spec.ts" timestamp="2025-09-27T23:34:44.126Z" hostname="firefox" tests="26" failures="0" skipped="26" time="0" errors="0">
<testcase name="Visual Regression Tests › Authentication Pages › login page should match baseline" classname="visual.spec.ts" time="0">
<skipped>
</skipped>
</testcase>
<testcase name="Visual Regression Tests › Authentication Pages › registration page should match baseline" classname="visual.spec.ts" time="0">
<skipped>
</skipped>
</testcase>
<testcase name="Visual Regression Tests › Authentication Pages › forgot password page should match baseline" classname="visual.spec.ts" time="0">
<skipped>
</skipped>
</testcase>
<testcase name="Visual Regression Tests › Dashboard Views › dashboard overview should match baseline" classname="visual.spec.ts" time="0">
<skipped>
</skipped>
</testcase>
<testcase name="Visual Regression Tests › Dashboard Views › empty dashboard state should match baseline" classname="visual.spec.ts" time="0">
<skipped>
</skipped>
</testcase>
<testcase name="Visual Regression Tests › Dashboard Views › sidebar navigation should match baseline" classname="visual.spec.ts" time="0">
<skipped>
</skipped>
</testcase>
<testcase name="Visual Regression Tests › Post Creation Interface › new post form should match baseline" classname="visual.spec.ts" time="0">
<skipped>
</skipped>
</testcase>
<testcase name="Visual Regression Tests › Post Creation Interface › post form with content should match baseline" classname="visual.spec.ts" time="0">
<skipped>
</skipped>
</testcase>
<testcase name="Visual Regression Tests › Post Creation Interface › platform preview should match baseline" classname="visual.spec.ts" time="0">
<skipped>
</skipped>
</testcase>
<testcase name="Visual Regression Tests › Post Creation Interface › scheduling interface should match baseline" classname="visual.spec.ts" time="0">
<skipped>
</skipped>
</testcase>
<testcase name="Visual Regression Tests › Analytics Dashboard › analytics overview should match baseline" classname="visual.spec.ts" time="0">
<skipped>
</skipped>
</testcase>
<testcase name="Visual Regression Tests › Analytics Dashboard › metrics cards should match baseline" classname="visual.spec.ts" time="0">
<skipped>
</skipped>
</testcase>
<testcase name="Visual Regression Tests › Analytics Dashboard › empty analytics state should match baseline" classname="visual.spec.ts" time="0">
<skipped>
</skipped>
</testcase>
<testcase name="Visual Regression Tests › Responsive Design › mobile dashboard should match baseline" classname="visual.spec.ts" time="0">
<skipped>
</skipped>
</testcase>
<testcase name="Visual Regression Tests › Responsive Design › tablet dashboard should match baseline" classname="visual.spec.ts" time="0">
<skipped>
</skipped>
</testcase>
<testcase name="Visual Regression Tests › Responsive Design › mobile post creation should match baseline" classname="visual.spec.ts" time="0">
<skipped>
</skipped>
</testcase>
<testcase name="Visual Regression Tests › Component States › loading states should match baseline" classname="visual.spec.ts" time="0">
<skipped>
</skipped>
</testcase>
<testcase name="Visual Regression Tests › Component States › error states should match baseline" classname="visual.spec.ts" time="0">
<skipped>
</skipped>
</testcase>
<testcase name="Visual Regression Tests › Component States › success toast should match baseline" classname="visual.spec.ts" time="0">
<skipped>
</skipped>
</testcase>
<testcase name="Visual Regression Tests › Component States › form validation errors should match baseline" classname="visual.spec.ts" time="0">
<skipped>
</skipped>
</testcase>
<testcase name="Visual Regression Tests › Dark Mode › dark mode dashboard should match baseline" classname="visual.spec.ts" time="0">
<skipped>
</skipped>
</testcase>
<testcase name="Visual Regression Tests › Dark Mode › dark mode login should match baseline" classname="visual.spec.ts" time="0">
<skipped>
</skipped>
</testcase>
<testcase name="Visual Regression Tests › Dark Mode › dark mode post creation should match baseline" classname="visual.spec.ts" time="0">
<skipped>
</skipped>
</testcase>
<testcase name="Visual Regression Tests › Internationalization › should match baseline in different languages" classname="visual.spec.ts" time="0">
<properties>
<property name="skip" value="">
</property>
</properties>
<skipped>
</skipped>
</testcase>
<testcase name="Visual Regression Tests › Animation States › hover states should match baseline" classname="visual.spec.ts" time="0">
<skipped>
</skipped>
</testcase>
<testcase name="Visual Regression Tests › Animation States › focus states should match baseline" classname="visual.spec.ts" time="0">
<skipped>
</skipped>
</testcase>
</testsuite>
<testsuite name="analytics.spec.ts" timestamp="2025-09-27T23:34:44.126Z" hostname="webkit" tests="42" failures="0" skipped="42" time="0" errors="0">
<testcase name="Analytics Dashboard › Analytics Overview › should load analytics dashboard" classname="analytics.spec.ts" time="0">
<skipped>
</skipped>
</testcase>
<testcase name="Analytics Dashboard › Analytics Overview › should display key metrics cards" classname="analytics.spec.ts" time="0">
<skipped>
</skipped>
</testcase>
<testcase name="Analytics Dashboard › Analytics Overview › should show charts and graphs" classname="analytics.spec.ts" time="0">
<skipped>
</skipped>
</testcase>
<testcase name="Analytics Dashboard › Analytics Overview › should measure analytics load performance" classname="analytics.spec.ts" time="0">
<skipped>
</skipped>
</testcase>
<testcase name="Analytics Dashboard › Date Range Selection › should filter by predefined date ranges" classname="analytics.spec.ts" time="0">
<skipped>
</skipped>
</testcase>
<testcase name="Analytics Dashboard › Date Range Selection › should allow custom date range selection" classname="analytics.spec.ts" time="0">
<skipped>
</skipped>
</testcase>
<testcase name="Analytics Dashboard › Date Range Selection › should validate date range constraints" classname="analytics.spec.ts" time="0">
<skipped>
</skipped>
</testcase>
<testcase name="Analytics Dashboard › Filtering and Segmentation › should filter by platform" classname="analytics.spec.ts" time="0">
<skipped>
</skipped>
</testcase>
<testcase name="Analytics Dashboard › Filtering and Segmentation › should filter by post type" classname="analytics.spec.ts" time="0">
<skipped>
</skipped>
</testcase>
<testcase name="Analytics Dashboard › Filtering and Segmentation › should filter by specific channels" classname="analytics.spec.ts" time="0">
<skipped>
</skipped>
</testcase>
<testcase name="Analytics Dashboard › Filtering and Segmentation › should reset all filters" classname="analytics.spec.ts" time="0">
<skipped>
</skipped>
</testcase>
<testcase name="Analytics Dashboard › Chart Interactions › should switch chart types" classname="analytics.spec.ts" time="0">
<skipped>
</skipped>
</testcase>
<testcase name="Analytics Dashboard › Chart Interactions › should change chart timeline" classname="analytics.spec.ts" time="0">
<skipped>
</skipped>
</testcase>
<testcase name="Analytics Dashboard › Chart Interactions › should expand charts to fullscreen" classname="analytics.spec.ts" time="0">
<skipped>
</skipped>
</testcase>
<testcase name="Analytics Dashboard › Chart Interactions › should handle chart hover interactions" classname="analytics.spec.ts" time="0">
<skipped>
</skipped>
</testcase>
<testcase name="Analytics Dashboard › Platform-Specific Analytics › should show Twitter-specific metrics" classname="analytics.spec.ts" time="0">
<skipped>
</skipped>
</testcase>
<testcase name="Analytics Dashboard › Platform-Specific Analytics › should show Instagram-specific metrics" classname="analytics.spec.ts" time="0">
<skipped>
</skipped>
</testcase>
<testcase name="Analytics Dashboard › Platform-Specific Analytics › should compare metrics across platforms" classname="analytics.spec.ts" time="0">
<skipped>
</skipped>
</testcase>
<testcase name="Analytics Dashboard › Top Performing Content › should display top performing posts" classname="analytics.spec.ts" time="0">
<skipped>
</skipped>
</testcase>
<testcase name="Analytics Dashboard › Top Performing Content › should navigate to post details" classname="analytics.spec.ts" time="0">
<skipped>
</skipped>
</testcase>
<testcase name="Analytics Dashboard › Top Performing Content › should sort top posts by different metrics" classname="analytics.spec.ts" time="0">
<skipped>
</skipped>
</testcase>
<testcase name="Analytics Dashboard › Audience Insights › should display audience demographics" classname="analytics.spec.ts" time="0">
<skipped>
</skipped>
</testcase>
<testcase name="Analytics Dashboard › Audience Insights › should show audience geography distribution" classname="analytics.spec.ts" time="0">
<skipped>
</skipped>
</testcase>
<testcase name="Analytics Dashboard › Audience Insights › should display audience activity patterns" classname="analytics.spec.ts" time="0">
<skipped>
</skipped>
</testcase>
<testcase name="Analytics Dashboard › Report Generation › should generate summary report" classname="analytics.spec.ts" time="0">
<skipped>
</skipped>
</testcase>
<testcase name="Analytics Dashboard › Report Generation › should schedule recurring reports" classname="analytics.spec.ts" time="0">
<skipped>
</skipped>
</testcase>
<testcase name="Analytics Dashboard › Report Generation › should download reports in different formats" classname="analytics.spec.ts" time="0">
<skipped>
</skipped>
</testcase>
<testcase name="Analytics Dashboard › Report Generation › should handle report generation errors" classname="analytics.spec.ts" time="0">
<skipped>
</skipped>
</testcase>
<testcase name="Analytics Dashboard › Data Export › should export analytics data" classname="analytics.spec.ts" time="0">
<skipped>
</skipped>
</testcase>
<testcase name="Analytics Dashboard › Data Export › should export data with current filters applied" classname="analytics.spec.ts" time="0">
<skipped>
</skipped>
</testcase>
<testcase name="Analytics Dashboard › Real-time Updates › should refresh analytics data" classname="analytics.spec.ts" time="0">
<skipped>
</skipped>
</testcase>
<testcase name="Analytics Dashboard › Real-time Updates › should show last updated timestamp" classname="analytics.spec.ts" time="0">
<skipped>
</skipped>
</testcase>
<testcase name="Analytics Dashboard › Error Handling › should handle API errors gracefully" classname="analytics.spec.ts" time="0">
<skipped>
</skipped>
</testcase>
<testcase name="Analytics Dashboard › Error Handling › should handle empty data states" classname="analytics.spec.ts" time="0">
<skipped>
</skipped>
</testcase>
<testcase name="Analytics Dashboard › Error Handling › should handle network timeouts" classname="analytics.spec.ts" time="0">
<skipped>
</skipped>
</testcase>
<testcase name="Analytics Dashboard › Accessibility › analytics dashboard should be accessible" classname="analytics.spec.ts" time="0">
<skipped>
</skipped>
</testcase>
<testcase name="Analytics Dashboard › Accessibility › should support keyboard navigation" classname="analytics.spec.ts" time="0">
<skipped>
</skipped>
</testcase>
<testcase name="Analytics Dashboard › Accessibility › charts should have proper ARIA labels" classname="analytics.spec.ts" time="0">
<skipped>
</skipped>
</testcase>
<testcase name="Analytics Dashboard › Mobile Responsiveness › should work on mobile devices" classname="analytics.spec.ts" time="0">
<skipped>
</skipped>
</testcase>
<testcase name="Analytics Dashboard › Mobile Responsiveness › should handle touch interactions on charts" classname="analytics.spec.ts" time="0">
<skipped>
</skipped>
</testcase>
<testcase name="Analytics Dashboard › Performance Monitoring › should load large datasets efficiently" classname="analytics.spec.ts" time="0">
<skipped>
</skipped>
</testcase>
<testcase name="Analytics Dashboard › Performance Monitoring › should maintain performance with complex filters" classname="analytics.spec.ts" time="0">
<skipped>
</skipped>
</testcase>
</testsuite>
<testsuite name="auth.spec.ts" timestamp="2025-09-27T23:34:44.126Z" hostname="webkit" tests="32" failures="0" skipped="32" time="0" errors="0">
<testcase name="Authentication Flows › Login Flow › should successfully login with valid credentials" classname="auth.spec.ts" time="0">
<skipped>
</skipped>
</testcase>
<testcase name="Authentication Flows › Login Flow › should show error for invalid credentials" classname="auth.spec.ts" time="0">
<skipped>
</skipped>
</testcase>
<testcase name="Authentication Flows › Login Flow › should show error for missing email" classname="auth.spec.ts" time="0">
<skipped>
</skipped>
</testcase>
<testcase name="Authentication Flows › Login Flow › should show error for missing password" classname="auth.spec.ts" time="0">
<skipped>
</skipped>
</testcase>
<testcase name="Authentication Flows › Login Flow › should navigate to sign up page from login" classname="auth.spec.ts" time="0">
<skipped>
</skipped>
</testcase>
<testcase name="Authentication Flows › Login Flow › should navigate to forgot password from login" classname="auth.spec.ts" time="0">
<skipped>
</skipped>
</testcase>
<testcase name="Authentication Flows › Login Flow › should remember login state after page refresh" classname="auth.spec.ts" time="0">
<skipped>
</skipped>
</testcase>
<testcase name="Authentication Flows › Registration Flow › should successfully register new user" classname="auth.spec.ts" time="0">
<skipped>
</skipped>
</testcase>
<testcase name="Authentication Flows › Registration Flow › should show error for mismatched passwords" classname="auth.spec.ts" time="0">
<skipped>
</skipped>
</testcase>
<testcase name="Authentication Flows › Registration Flow › should show error for weak password" classname="auth.spec.ts" time="0">
<skipped>
</skipped>
</testcase>
<testcase name="Authentication Flows › Registration Flow › should show error for existing email" classname="auth.spec.ts" time="0">
<skipped>
</skipped>
</testcase>
<testcase name="Authentication Flows › Registration Flow › should navigate to login page from sign up" classname="auth.spec.ts" time="0">
<skipped>
</skipped>
</testcase>
<testcase name="Authentication Flows › Registration Flow › should require terms acceptance" classname="auth.spec.ts" time="0">
<skipped>
</skipped>
</testcase>
<testcase name="Authentication Flows › Password Reset Flow › should send password reset email" classname="auth.spec.ts" time="0">
<skipped>
</skipped>
</testcase>
<testcase name="Authentication Flows › Password Reset Flow › should show error for non-existent email" classname="auth.spec.ts" time="0">
<skipped>
</skipped>
</testcase>
<testcase name="Authentication Flows › Password Reset Flow › should navigate back to login from forgot password" classname="auth.spec.ts" time="0">
<skipped>
</skipped>
</testcase>
<testcase name="Authentication Flows › Password Reset Flow › should reset password with valid token" classname="auth.spec.ts" time="0">
<skipped>
</skipped>
</testcase>
<testcase name="Authentication Flows › Logout Flow › should successfully logout user" classname="auth.spec.ts" time="0">
<skipped>
</skipped>
</testcase>
<testcase name="Authentication Flows › Logout Flow › should clear session data on logout" classname="auth.spec.ts" time="0">
<skipped>
</skipped>
</testcase>
<testcase name="Authentication Flows › MFA Flow › should handle MFA verification" classname="auth.spec.ts" time="0">
<properties>
<property name="skip" value="">
</property>
</properties>
<skipped>
</skipped>
</testcase>
<testcase name="Authentication Flows › MFA Flow › should show error for invalid MFA code" classname="auth.spec.ts" time="0">
<properties>
<property name="skip" value="">
</property>
</properties>
<skipped>
</skipped>
</testcase>
<testcase name="Authentication Flows › MFA Flow › should allow MFA code resend" classname="auth.spec.ts" time="0">
<properties>
<property name="skip" value="">
</property>
</properties>
<skipped>
</skipped>
</testcase>
<testcase name="Authentication Flows › Social Login › should login with Google" classname="auth.spec.ts" time="0">
<properties>
<property name="skip" value="">
</property>
</properties>
<skipped>
</skipped>
</testcase>
<testcase name="Authentication Flows › Social Login › should login with GitHub" classname="auth.spec.ts" time="0">
<properties>
<property name="skip" value="">
</property>
</properties>
<skipped>
</skipped>
</testcase>
<testcase name="Authentication Flows › Session Management › should handle expired session" classname="auth.spec.ts" time="0">
<skipped>
</skipped>
</testcase>
<testcase name="Authentication Flows › Session Management › should maintain session across tabs" classname="auth.spec.ts" time="0">
<skipped>
</skipped>
</testcase>
<testcase name="Authentication Flows › Form Validation › should validate email format on login" classname="auth.spec.ts" time="0">
<skipped>
</skipped>
</testcase>
<testcase name="Authentication Flows › Form Validation › should validate email format on registration" classname="auth.spec.ts" time="0">
<skipped>
</skipped>
</testcase>
<testcase name="Authentication Flows › Form Validation › should validate required fields on registration" classname="auth.spec.ts" time="0">
<skipped>
</skipped>
</testcase>
<testcase name="Authentication Flows › Accessibility › login page should be accessible" classname="auth.spec.ts" time="0">
<skipped>
</skipped>
</testcase>
<testcase name="Authentication Flows › Accessibility › registration page should be accessible" classname="auth.spec.ts" time="0">
<skipped>
</skipped>
</testcase>
<testcase name="Authentication Flows › Accessibility › should support keyboard navigation on login form" classname="auth.spec.ts" time="0">
<skipped>
</skipped>
</testcase>
</testsuite>
<testsuite name="publishing.spec.ts" timestamp="2025-09-27T23:34:44.126Z" hostname="webkit" tests="38" failures="0" skipped="38" time="0" errors="0">
<testcase name="Publishing Workflows › Post Creation › should create a basic text post" classname="publishing.spec.ts" time="0">
<skipped>
</skipped>
</testcase>
<testcase name="Publishing Workflows › Post Creation › should validate required content" classname="publishing.spec.ts" time="0">
<skipped>
</skipped>
</testcase>
<testcase name="Publishing Workflows › Post Creation › should validate channel selection" classname="publishing.spec.ts" time="0">
<skipped>
</skipped>
</testcase>
<testcase name="Publishing Workflows › Post Creation › should show character count for different platforms" classname="publishing.spec.ts" time="0">
<skipped>
</skipped>
</testcase>
<testcase name="Publishing Workflows › Post Creation › should auto-save draft while typing" classname="publishing.spec.ts" time="0">
<skipped>
</skipped>
</testcase>
<testcase name="Publishing Workflows › Post Creation › should preserve draft on page refresh" classname="publishing.spec.ts" time="0">
<skipped>
</skipped>
</testcase>
<testcase name="Publishing Workflows › Media Upload › should upload single image" classname="publishing.spec.ts" time="0">
<skipped>
</skipped>
</testcase>
<testcase name="Publishing Workflows › Media Upload › should upload multiple images" classname="publishing.spec.ts" time="0">
<skipped>
</skipped>
</testcase>
<testcase name="Publishing Workflows › Media Upload › should remove uploaded media" classname="publishing.spec.ts" time="0">
<skipped>
</skipped>
</testcase>
<testcase name="Publishing Workflows › Media Upload › should validate file size limits" classname="publishing.spec.ts" time="0">
<skipped>
</skipped>
</testcase>
<testcase name="Publishing Workflows › Media Upload › should validate file type restrictions" classname="publishing.spec.ts" time="0">
<skipped>
</skipped>
</testcase>
<testcase name="Publishing Workflows › Channel Selection › should select individual channels" classname="publishing.spec.ts" time="0">
<skipped>
</skipped>
</testcase>
<testcase name="Publishing Workflows › Channel Selection › should select all channels" classname="publishing.spec.ts" time="0">
<skipped>
</skipped>
</testcase>
<testcase name="Publishing Workflows › Channel Selection › should deselect all channels" classname="publishing.spec.ts" time="0">
<skipped>
</skipped>
</testcase>
<testcase name="Publishing Workflows › Channel Selection › should show platform-specific previews" classname="publishing.spec.ts" time="0">
<skipped>
</skipped>
</testcase>
<testcase name="Publishing Workflows › Post Scheduling › should schedule post for future date" classname="publishing.spec.ts" time="0">
<skipped>
</skipped>
</testcase>
<testcase name="Publishing Workflows › Post Scheduling › should use optimal posting time" classname="publishing.spec.ts" time="0">
<skipped>
</skipped>
</testcase>
<testcase name="Publishing Workflows › Post Scheduling › should validate future scheduling time" classname="publishing.spec.ts" time="0">
<skipped>
</skipped>
</testcase>
<testcase name="Publishing Workflows › Post Scheduling › should allow scheduling timezone selection" classname="publishing.spec.ts" time="0">
<skipped>
</skipped>
</testcase>
<testcase name="Publishing Workflows › Advanced Features › should configure advanced post options" classname="publishing.spec.ts" time="0">
<skipped>
</skipped>
</testcase>
<testcase name="Publishing Workflows › Advanced Features › should enable cross-platform posting" classname="publishing.spec.ts" time="0">
<skipped>
</skipped>
</testcase>
<testcase name="Publishing Workflows › Advanced Features › should configure Twitter thread" classname="publishing.spec.ts" time="0">
<skipped>
</skipped>
</testcase>
<testcase name="Publishing Workflows › Advanced Features › should configure Instagram story" classname="publishing.spec.ts" time="0">
<skipped>
</skipped>
</testcase>
<testcase name="Publishing Workflows › Publishing Actions › should publish post immediately" classname="publishing.spec.ts" time="0">
<skipped>
</skipped>
</testcase>
<testcase name="Publishing Workflows › Publishing Actions › should save post as draft" classname="publishing.spec.ts" time="0">
<skipped>
</skipped>
</testcase>
<testcase name="Publishing Workflows › Publishing Actions › should preview post before publishing" classname="publishing.spec.ts" time="0">
<skipped>
</skipped>
</testcase>
<testcase name="Publishing Workflows › Publishing Actions › should cancel post creation" classname="publishing.spec.ts" time="0">
<skipped>
</skipped>
</testcase>
<testcase name="Publishing Workflows › Post Editing › should edit existing draft" classname="publishing.spec.ts" time="0">
<skipped>
</skipped>
</testcase>
<testcase name="Publishing Workflows › Post Editing › should preserve existing media when editing" classname="publishing.spec.ts" time="0">
<skipped>
</skipped>
</testcase>
<testcase name="Publishing Workflows › Validation and Error Handling › should handle character limit warnings" classname="publishing.spec.ts" time="0">
<skipped>
</skipped>
</testcase>
<testcase name="Publishing Workflows › Validation and Error Handling › should handle network errors gracefully" classname="publishing.spec.ts" time="0">
<skipped>
</skipped>
</testcase>
<testcase name="Publishing Workflows › Validation and Error Handling › should handle media upload failures" classname="publishing.spec.ts" time="0">
<skipped>
</skipped>
</testcase>
<testcase name="Publishing Workflows › Performance › should load post creation form quickly" classname="publishing.spec.ts" time="0">
<skipped>
</skipped>
</testcase>
<testcase name="Publishing Workflows › Performance › should handle large content efficiently" classname="publishing.spec.ts" time="0">
<skipped>
</skipped>
</testcase>
<testcase name="Publishing Workflows › Accessibility › post creation form should be accessible" classname="publishing.spec.ts" time="0">
<skipped>
</skipped>
</testcase>
<testcase name="Publishing Workflows › Accessibility › should support keyboard navigation" classname="publishing.spec.ts" time="0">
<skipped>
</skipped>
</testcase>
<testcase name="Publishing Workflows › Mobile Responsiveness › should work on mobile devices" classname="publishing.spec.ts" time="0">
<skipped>
</skipped>
</testcase>
<testcase name="Publishing Workflows › Mobile Responsiveness › should handle touch interactions" classname="publishing.spec.ts" time="0">
<skipped>
</skipped>
</testcase>
</testsuite>
<testsuite name="visual.spec.ts" timestamp="2025-09-27T23:34:44.126Z" hostname="webkit" tests="26" failures="0" skipped="26" time="0" errors="0">
<testcase name="Visual Regression Tests › Authentication Pages › login page should match baseline" classname="visual.spec.ts" time="0">
<skipped>
</skipped>
</testcase>
<testcase name="Visual Regression Tests › Authentication Pages › registration page should match baseline" classname="visual.spec.ts" time="0">
<skipped>
</skipped>
</testcase>
<testcase name="Visual Regression Tests › Authentication Pages › forgot password page should match baseline" classname="visual.spec.ts" time="0">
<skipped>
</skipped>
</testcase>
<testcase name="Visual Regression Tests › Dashboard Views › dashboard overview should match baseline" classname="visual.spec.ts" time="0">
<skipped>
</skipped>
</testcase>
<testcase name="Visual Regression Tests › Dashboard Views › empty dashboard state should match baseline" classname="visual.spec.ts" time="0">
<skipped>
</skipped>
</testcase>
<testcase name="Visual Regression Tests › Dashboard Views › sidebar navigation should match baseline" classname="visual.spec.ts" time="0">
<skipped>
</skipped>
</testcase>
<testcase name="Visual Regression Tests › Post Creation Interface › new post form should match baseline" classname="visual.spec.ts" time="0">
<skipped>
</skipped>
</testcase>
<testcase name="Visual Regression Tests › Post Creation Interface › post form with content should match baseline" classname="visual.spec.ts" time="0">
<skipped>
</skipped>
</testcase>
<testcase name="Visual Regression Tests › Post Creation Interface › platform preview should match baseline" classname="visual.spec.ts" time="0">
<skipped>
</skipped>
</testcase>
<testcase name="Visual Regression Tests › Post Creation Interface › scheduling interface should match baseline" classname="visual.spec.ts" time="0">
<skipped>
</skipped>
</testcase>
<testcase name="Visual Regression Tests › Analytics Dashboard › analytics overview should match baseline" classname="visual.spec.ts" time="0">
<skipped>
</skipped>
</testcase>
<testcase name="Visual Regression Tests › Analytics Dashboard › metrics cards should match baseline" classname="visual.spec.ts" time="0">
<skipped>
</skipped>
</testcase>
<testcase name="Visual Regression Tests › Analytics Dashboard › empty analytics state should match baseline" classname="visual.spec.ts" time="0">
<skipped>
</skipped>
</testcase>
<testcase name="Visual Regression Tests › Responsive Design › mobile dashboard should match baseline" classname="visual.spec.ts" time="0">
<skipped>
</skipped>
</testcase>
<testcase name="Visual Regression Tests › Responsive Design › tablet dashboard should match baseline" classname="visual.spec.ts" time="0">
<skipped>
</skipped>
</testcase>
<testcase name="Visual Regression Tests › Responsive Design › mobile post creation should match baseline" classname="visual.spec.ts" time="0">
<skipped>
</skipped>
</testcase>
<testcase name="Visual Regression Tests › Component States › loading states should match baseline" classname="visual.spec.ts" time="0">
<skipped>
</skipped>
</testcase>
<testcase name="Visual Regression Tests › Component States › error states should match baseline" classname="visual.spec.ts" time="0">
<skipped>
</skipped>
</testcase>
<testcase name="Visual Regression Tests › Component States › success toast should match baseline" classname="visual.spec.ts" time="0">
<skipped>
</skipped>
</testcase>
<testcase name="Visual Regression Tests › Component States › form validation errors should match baseline" classname="visual.spec.ts" time="0">
<skipped>
</skipped>
</testcase>
<testcase name="Visual Regression Tests › Dark Mode › dark mode dashboard should match baseline" classname="visual.spec.ts" time="0">
<skipped>
</skipped>
</testcase>
<testcase name="Visual Regression Tests › Dark Mode › dark mode login should match baseline" classname="visual.spec.ts" time="0">
<skipped>
</skipped>
</testcase>
<testcase name="Visual Regression Tests › Dark Mode › dark mode post creation should match baseline" classname="visual.spec.ts" time="0">
<skipped>
</skipped>
</testcase>
<testcase name="Visual Regression Tests › Internationalization › should match baseline in different languages" classname="visual.spec.ts" time="0">
<properties>
<property name="skip" value="">
</property>
</properties>
<skipped>
</skipped>
</testcase>
<testcase name="Visual Regression Tests › Animation States › hover states should match baseline" classname="visual.spec.ts" time="0">
<skipped>
</skipped>
</testcase>
<testcase name="Visual Regression Tests › Animation States › focus states should match baseline" classname="visual.spec.ts" time="0">
<skipped>
</skipped>
</testcase>
</testsuite>
<testsuite name="analytics.spec.ts" timestamp="2025-09-27T23:34:44.126Z" hostname="mobile-chrome" tests="42" failures="0" skipped="42" time="0" errors="0">
<testcase name="Analytics Dashboard › Analytics Overview › should load analytics dashboard" classname="analytics.spec.ts" time="0">
<skipped>
</skipped>
</testcase>
<testcase name="Analytics Dashboard › Analytics Overview › should display key metrics cards" classname="analytics.spec.ts" time="0">
<skipped>
</skipped>
</testcase>
<testcase name="Analytics Dashboard › Analytics Overview › should show charts and graphs" classname="analytics.spec.ts" time="0">
<skipped>
</skipped>
</testcase>
<testcase name="Analytics Dashboard › Analytics Overview › should measure analytics load performance" classname="analytics.spec.ts" time="0">
<skipped>
</skipped>
</testcase>
<testcase name="Analytics Dashboard › Date Range Selection › should filter by predefined date ranges" classname="analytics.spec.ts" time="0">
<skipped>
</skipped>
</testcase>
<testcase name="Analytics Dashboard › Date Range Selection › should allow custom date range selection" classname="analytics.spec.ts" time="0">
<skipped>
</skipped>
</testcase>
<testcase name="Analytics Dashboard › Date Range Selection › should validate date range constraints" classname="analytics.spec.ts" time="0">
<skipped>
</skipped>
</testcase>
<testcase name="Analytics Dashboard › Filtering and Segmentation › should filter by platform" classname="analytics.spec.ts" time="0">
<skipped>
</skipped>
</testcase>
<testcase name="Analytics Dashboard › Filtering and Segmentation › should filter by post type" classname="analytics.spec.ts" time="0">
<skipped>
</skipped>
</testcase>
<testcase name="Analytics Dashboard › Filtering and Segmentation › should filter by specific channels" classname="analytics.spec.ts" time="0">
<skipped>
</skipped>
</testcase>
<testcase name="Analytics Dashboard › Filtering and Segmentation › should reset all filters" classname="analytics.spec.ts" time="0">
<skipped>
</skipped>
</testcase>
<testcase name="Analytics Dashboard › Chart Interactions › should switch chart types" classname="analytics.spec.ts" time="0">
<skipped>
</skipped>
</testcase>
<testcase name="Analytics Dashboard › Chart Interactions › should change chart timeline" classname="analytics.spec.ts" time="0">
<skipped>
</skipped>
</testcase>
<testcase name="Analytics Dashboard › Chart Interactions › should expand charts to fullscreen" classname="analytics.spec.ts" time="0">
<skipped>
</skipped>
</testcase>
<testcase name="Analytics Dashboard › Chart Interactions › should handle chart hover interactions" classname="analytics.spec.ts" time="0">
<skipped>
</skipped>
</testcase>
<testcase name="Analytics Dashboard › Platform-Specific Analytics › should show Twitter-specific metrics" classname="analytics.spec.ts" time="0">
<skipped>
</skipped>
</testcase>
<testcase name="Analytics Dashboard › Platform-Specific Analytics › should show Instagram-specific metrics" classname="analytics.spec.ts" time="0">
<skipped>
</skipped>
</testcase>
<testcase name="Analytics Dashboard › Platform-Specific Analytics › should compare metrics across platforms" classname="analytics.spec.ts" time="0">
<skipped>
</skipped>
</testcase>
<testcase name="Analytics Dashboard › Top Performing Content › should display top performing posts" classname="analytics.spec.ts" time="0">
<skipped>
</skipped>
</testcase>
<testcase name="Analytics Dashboard › Top Performing Content › should navigate to post details" classname="analytics.spec.ts" time="0">
<skipped>
</skipped>
</testcase>
<testcase name="Analytics Dashboard › Top Performing Content › should sort top posts by different metrics" classname="analytics.spec.ts" time="0">
<skipped>
</skipped>
</testcase>
<testcase name="Analytics Dashboard › Audience Insights › should display audience demographics" classname="analytics.spec.ts" time="0">
<skipped>
</skipped>
</testcase>
<testcase name="Analytics Dashboard › Audience Insights › should show audience geography distribution" classname="analytics.spec.ts" time="0">
<skipped>
</skipped>
</testcase>
<testcase name="Analytics Dashboard › Audience Insights › should display audience activity patterns" classname="analytics.spec.ts" time="0">
<skipped>
</skipped>
</testcase>
<testcase name="Analytics Dashboard › Report Generation › should generate summary report" classname="analytics.spec.ts" time="0">
<skipped>
</skipped>
</testcase>
<testcase name="Analytics Dashboard › Report Generation › should schedule recurring reports" classname="analytics.spec.ts" time="0">
<skipped>
</skipped>
</testcase>
<testcase name="Analytics Dashboard › Report Generation › should download reports in different formats" classname="analytics.spec.ts" time="0">
<skipped>
</skipped>
</testcase>
<testcase name="Analytics Dashboard › Report Generation › should handle report generation errors" classname="analytics.spec.ts" time="0">
<skipped>
</skipped>
</testcase>
<testcase name="Analytics Dashboard › Data Export › should export analytics data" classname="analytics.spec.ts" time="0">
<skipped>
</skipped>
</testcase>
<testcase name="Analytics Dashboard › Data Export › should export data with current filters applied" classname="analytics.spec.ts" time="0">
<skipped>
</skipped>
</testcase>
<testcase name="Analytics Dashboard › Real-time Updates › should refresh analytics data" classname="analytics.spec.ts" time="0">
<skipped>
</skipped>
</testcase>
<testcase name="Analytics Dashboard › Real-time Updates › should show last updated timestamp" classname="analytics.spec.ts" time="0">
<skipped>
</skipped>
</testcase>
<testcase name="Analytics Dashboard › Error Handling › should handle API errors gracefully" classname="analytics.spec.ts" time="0">
<skipped>
</skipped>
</testcase>
<testcase name="Analytics Dashboard › Error Handling › should handle empty data states" classname="analytics.spec.ts" time="0">
<skipped>
</skipped>
</testcase>
<testcase name="Analytics Dashboard › Error Handling › should handle network timeouts" classname="analytics.spec.ts" time="0">
<skipped>
</skipped>
</testcase>
<testcase name="Analytics Dashboard › Accessibility › analytics dashboard should be accessible" classname="analytics.spec.ts" time="0">
<skipped>
</skipped>
</testcase>
<testcase name="Analytics Dashboard › Accessibility › should support keyboard navigation" classname="analytics.spec.ts" time="0">
<skipped>
</skipped>
</testcase>
<testcase name="Analytics Dashboard › Accessibility › charts should have proper ARIA labels" classname="analytics.spec.ts" time="0">
<skipped>
</skipped>
</testcase>
<testcase name="Analytics Dashboard › Mobile Responsiveness › should work on mobile devices" classname="analytics.spec.ts" time="0">
<skipped>
</skipped>
</testcase>
<testcase name="Analytics Dashboard › Mobile Responsiveness › should handle touch interactions on charts" classname="analytics.spec.ts" time="0">
<skipped>
</skipped>
</testcase>
[...]
<skipped>
</skipped>
</testcase>
<testcase name="Analytics Dashboard › Report Generation › should schedule recurring reports" classname="analytics.spec.ts" time="0">
<skipped>
</skipped>
</testcase>
<testcase name="Analytics Dashboard › Report Generation › should download reports in different formats" classname="analytics.spec.ts" time="0">
<skipped>
</skipped>
</testcase>
<testcase name="Analytics Dashboard › Report Generation › should handle report generation errors" classname="analytics.spec.ts" time="0">
<skipped>
</skipped>
</testcase>
<testcase name="Analytics Dashboard › Data Export › should export analytics data" classname="analytics.spec.ts" time="0">
<skipped>
</skipped>
</testcase>
<testcase name="Analytics Dashboard › Data Export › should export data with current filters applied" classname="analytics.spec.ts" time="0">
<skipped>
</skipped>
</testcase>
<testcase name="Analytics Dashboard › Real-time Updates › should refresh analytics data" classname="analytics.spec.ts" time="0">
<skipped>
</skipped>
</testcase>
<testcase name="Analytics Dashboard › Real-time Updates › should show last updated timestamp" classname="analytics.spec.ts" time="0">
<skipped>
</skipped>
</testcase>
<testcase name="Analytics Dashboard › Error Handling › should handle API errors gracefully" classname="analytics.spec.ts" time="0">
<skipped>
</skipped>
</testcase>
<testcase name="Analytics Dashboard › Error Handling › should handle empty data states" classname="analytics.spec.ts" time="0">
<skipped>
</skipped>
</testcase>
<testcase name="Analytics Dashboard › Error Handling › should handle network timeouts" classname="analytics.spec.ts" time="0">
<skipped>
</skipped>
</testcase>
<testcase name="Analytics Dashboard › Accessibility › analytics dashboard should be accessible" classname="analytics.spec.ts" time="0">
<skipped>
</skipped>
</testcase>
<testcase name="Analytics Dashboard › Accessibility › should support keyboard navigation" classname="analytics.spec.ts" time="0">
<skipped>
</skipped>
</testcase>
<testcase name="Analytics Dashboard › Accessibility › charts should have proper ARIA labels" classname="analytics.spec.ts" time="0">
<skipped>
</skipped>
</testcase>
<testcase name="Analytics Dashboard › Mobile Responsiveness › should work on mobile devices" classname="analytics.spec.ts" time="0">
<skipped>
</skipped>
</testcase>
<testcase name="Analytics Dashboard › Mobile Responsiveness › should handle touch interactions on charts" classname="analytics.spec.ts" time="0">
<skipped>
</skipped>
</testcase>
<testcase name="Analytics Dashboard › Performance Monitoring › should load large datasets efficiently" classname="analytics.spec.ts" time="0">
<skipped>
</skipped>
</testcase>
<testcase name="Analytics Dashboard › Performance Monitoring › should maintain performance with complex filters" classname="analytics.spec.ts" time="0">
<skipped>
</skipped>
</testcase>
</testsuite>
<testsuite name="auth.spec.ts" timestamp="2025-09-27T23:34:44.126Z" hostname="tablet" tests="32" failures="0" skipped="32" time="0" errors="0">
<testcase name="Authentication Flows › Login Flow › should successfully login with valid credentials" classname="auth.spec.ts" time="0">
<skipped>
</skipped>
</testcase>
<testcase name="Authentication Flows › Login Flow › should show error for invalid credentials" classname="auth.spec.ts" time="0">
<skipped>
</skipped>
</testcase>
<testcase name="Authentication Flows › Login Flow › should show error for missing email" classname="auth.spec.ts" time="0">
<skipped>
</skipped>
</testcase>
<testcase name="Authentication Flows › Login Flow › should show error for missing password" classname="auth.spec.ts" time="0">
<skipped>
</skipped>
</testcase>
<testcase name="Authentication Flows › Login Flow › should navigate to sign up page from login" classname="auth.spec.ts" time="0">
<skipped>
</skipped>
</testcase>
<testcase name="Authentication Flows › Login Flow › should navigate to forgot password from login" classname="auth.spec.ts" time="0">
<skipped>
</skipped>
</testcase>
<testcase name="Authentication Flows › Login Flow › should remember login state after page refresh" classname="auth.spec.ts" time="0">
<skipped>
</skipped>
</testcase>
<testcase name="Authentication Flows › Registration Flow › should successfully register new user" classname="auth.spec.ts" time="0">
<skipped>
</skipped>
</testcase>
<testcase name="Authentication Flows › Registration Flow › should show error for mismatched passwords" classname="auth.spec.ts" time="0">
<skipped>
</skipped>
</testcase>
<testcase name="Authentication Flows › Registration Flow › should show error for weak password" classname="auth.spec.ts" time="0">
<skipped>
</skipped>
</testcase>
<testcase name="Authentication Flows › Registration Flow › should show error for existing email" classname="auth.spec.ts" time="0">
<skipped>
</skipped>
</testcase>
<testcase name="Authentication Flows › Registration Flow › should navigate to login page from sign up" classname="auth.spec.ts" time="0">
<skipped>
</skipped>
</testcase>
<testcase name="Authentication Flows › Registration Flow › should require terms acceptance" classname="auth.spec.ts" time="0">
<skipped>
</skipped>
</testcase>
<testcase name="Authentication Flows › Password Reset Flow › should send password reset email" classname="auth.spec.ts" time="0">
<skipped>
</skipped>
</testcase>
<testcase name="Authentication Flows › Password Reset Flow › should show error for non-existent email" classname="auth.spec.ts" time="0">
<skipped>
</skipped>
</testcase>
<testcase name="Authentication Flows › Password Reset Flow › should navigate back to login from forgot password" classname="auth.spec.ts" time="0">
<skipped>
</skipped>
</testcase>
<testcase name="Authentication Flows › Password Reset Flow › should reset password with valid token" classname="auth.spec.ts" time="0">
<skipped>
</skipped>
</testcase>
<testcase name="Authentication Flows › Logout Flow › should successfully logout user" classname="auth.spec.ts" time="0">
<skipped>
</skipped>
</testcase>
<testcase name="Authentication Flows › Logout Flow › should clear session data on logout" classname="auth.spec.ts" time="0">
<skipped>
</skipped>
</testcase>
<testcase name="Authentication Flows › MFA Flow › should handle MFA verification" classname="auth.spec.ts" time="0">
<properties>
<property name="skip" value="">
</property>
</properties>
<skipped>
</skipped>
</testcase>
<testcase name="Authentication Flows › MFA Flow › should show error for invalid MFA code" classname="auth.spec.ts" time="0">
<properties>
<property name="skip" value="">
</property>
</properties>
<skipped>
</skipped>
</testcase>
<testcase name="Authentication Flows › MFA Flow › should allow MFA code resend" classname="auth.spec.ts" time="0">
<properties>
<property name="skip" value="">
</property>
</properties>
<skipped>
</skipped>
</testcase>
<testcase name="Authentication Flows › Social Login › should login with Google" classname="auth.spec.ts" time="0">
<properties>
<property name="skip" value="">
</property>
</properties>
<skipped>
</skipped>
</testcase>
<testcase name="Authentication Flows › Social Login › should login with GitHub" classname="auth.spec.ts" time="0">
<properties>
<property name="skip" value="">
</property>
</properties>
<skipped>
</skipped>
</testcase>
<testcase name="Authentication Flows › Session Management › should handle expired session" classname="auth.spec.ts" time="0">
<skipped>
</skipped>
</testcase>
<testcase name="Authentication Flows › Session Management › should maintain session across tabs" classname="auth.spec.ts" time="0">
<skipped>
</skipped>
</testcase>
<testcase name="Authentication Flows › Form Validation › should validate email format on login" classname="auth.spec.ts" time="0">
<skipped>
</skipped>
</testcase>
<testcase name="Authentication Flows › Form Validation › should validate email format on registration" classname="auth.spec.ts" time="0">
<skipped>
</skipped>
</testcase>
<testcase name="Authentication Flows › Form Validation › should validate required fields on registration" classname="auth.spec.ts" time="0">
<skipped>
</skipped>
</testcase>
<testcase name="Authentication Flows › Accessibility › login page should be accessible" classname="auth.spec.ts" time="0">
<skipped>
</skipped>
</testcase>
<testcase name="Authentication Flows › Accessibility › registration page should be accessible" classname="auth.spec.ts" time="0">
<skipped>
</skipped>
</testcase>
<testcase name="Authentication Flows › Accessibility › should support keyboard navigation on login form" classname="auth.spec.ts" time="0">
<skipped>
</skipped>
</testcase>
</testsuite>
<testsuite name="publishing.spec.ts" timestamp="2025-09-27T23:34:44.126Z" hostname="tablet" tests="38" failures="0" skipped="38" time="0" errors="0">
<testcase name="Publishing Workflows › Post Creation › should create a basic text post" classname="publishing.spec.ts" time="0">
<skipped>
</skipped>
</testcase>
<testcase name="Publishing Workflows › Post Creation › should validate required content" classname="publishing.spec.ts" time="0">
<skipped>
</skipped>
</testcase>
<testcase name="Publishing Workflows › Post Creation › should validate channel selection" classname="publishing.spec.ts" time="0">
<skipped>
</skipped>
</testcase>
<testcase name="Publishing Workflows › Post Creation › should show character count for different platforms" classname="publishing.spec.ts" time="0">
<skipped>
</skipped>
</testcase>
<testcase name="Publishing Workflows › Post Creation › should auto-save draft while typing" classname="publishing.spec.ts" time="0">
<skipped>
</skipped>
</testcase>
<testcase name="Publishing Workflows › Post Creation › should preserve draft on page refresh" classname="publishing.spec.ts" time="0">
<skipped>
</skipped>
</testcase>
<testcase name="Publishing Workflows › Media Upload › should upload single image" classname="publishing.spec.ts" time="0">
<skipped>
</skipped>
</testcase>
<testcase name="Publishing Workflows › Media Upload › should upload multiple images" classname="publishing.spec.ts" time="0">
<skipped>
</skipped>
</testcase>
<testcase name="Publishing Workflows › Media Upload › should remove uploaded media" classname="publishing.spec.ts" time="0">
<skipped>
</skipped>
</testcase>
<testcase name="Publishing Workflows › Media Upload › should validate file size limits" classname="publishing.spec.ts" time="0">
<skipped>
</skipped>
</testcase>
<testcase name="Publishing Workflows › Media Upload › should validate file type restrictions" classname="publishing.spec.ts" time="0">
<skipped>
</skipped>
</testcase>
<testcase name="Publishing Workflows › Channel Selection › should select individual channels" classname="publishing.spec.ts" time="0">
<skipped>
</skipped>
</testcase>
<testcase name="Publishing Workflows › Channel Selection › should select all channels" classname="publishing.spec.ts" time="0">
<skipped>
</skipped>
</testcase>
<testcase name="Publishing Workflows › Channel Selection › should deselect all channels" classname="publishing.spec.ts" time="0">
<skipped>
</skipped>
</testcase>
<testcase name="Publishing Workflows › Channel Selection › should show platform-specific previews" classname="publishing.spec.ts" time="0">
<skipped>
</skipped>
</testcase>
<testcase name="Publishing Workflows › Post Scheduling › should schedule post for future date" classname="publishing.spec.ts" time="0">
<skipped>
</skipped>
</testcase>
<testcase name="Publishing Workflows › Post Scheduling › should use optimal posting time" classname="publishing.spec.ts" time="0">
<skipped>
</skipped>
</testcase>
<testcase name="Publishing Workflows › Post Scheduling › should validate future scheduling time" classname="publishing.spec.ts" time="0">
<skipped>
</skipped>
</testcase>
<testcase name="Publishing Workflows › Post Scheduling › should allow scheduling timezone selection" classname="publishing.spec.ts" time="0">
<skipped>
</skipped>
</testcase>
<testcase name="Publishing Workflows › Advanced Features › should configure advanced post options" classname="publishing.spec.ts" time="0">
<skipped>
</skipped>
</testcase>
<testcase name="Publishing Workflows › Advanced Features › should enable cross-platform posting" classname="publishing.spec.ts" time="0">
<skipped>
</skipped>
</testcase>
<testcase name="Publishing Workflows › Advanced Features › should configure Twitter thread" classname="publishing.spec.ts" time="0">
<skipped>
</skipped>
</testcase>
<testcase name="Publishing Workflows › Advanced Features › should configure Instagram story" classname="publishing.spec.ts" time="0">
<skipped>
</skipped>
</testcase>
<testcase name="Publishing Workflows › Publishing Actions › should publish post immediately" classname="publishing.spec.ts" time="0">
<skipped>
</skipped>
</testcase>
<testcase name="Publishing Workflows › Publishing Actions › should save post as draft" classname="publishing.spec.ts" time="0">
<skipped>
</skipped>
</testcase>
<testcase name="Publishing Workflows › Publishing Actions › should preview post before publishing" classname="publishing.spec.ts" time="0">
<skipped>
</skipped>
</testcase>
<testcase name="Publishing Workflows › Publishing Actions › should cancel post creation" classname="publishing.spec.ts" time="0">
<skipped>
</skipped>
</testcase>
<testcase name="Publishing Workflows › Post Editing › should edit existing draft" classname="publishing.spec.ts" time="0">
<skipped>
</skipped>
</testcase>
<testcase name="Publishing Workflows › Post Editing › should preserve existing media when editing" classname="publishing.spec.ts" time="0">
<skipped>
</skipped>
</testcase>
<testcase name="Publishing Workflows › Validation and Error Handling › should handle character limit warnings" classname="publishing.spec.ts" time="0">
<skipped>
</skipped>
</testcase>
<testcase name="Publishing Workflows › Validation and Error Handling › should handle network errors gracefully" classname="publishing.spec.ts" time="0">
<skipped>
</skipped>
</testcase>
<testcase name="Publishing Workflows › Validation and Error Handling › should handle media upload failures" classname="publishing.spec.ts" time="0">
<skipped>
</skipped>
</testcase>
<testcase name="Publishing Workflows › Performance › should load post creation form quickly" classname="publishing.spec.ts" time="0">
<skipped>
</skipped>
</testcase>
<testcase name="Publishing Workflows › Performance › should handle large content efficiently" classname="publishing.spec.ts" time="0">
<skipped>
</skipped>
</testcase>
<testcase name="Publishing Workflows › Accessibility › post creation form should be accessible" classname="publishing.spec.ts" time="0">
<skipped>
</skipped>
</testcase>
<testcase name="Publishing Workflows › Accessibility › should support keyboard navigation" classname="publishing.spec.ts" time="0">
<skipped>
</skipped>
</testcase>
<testcase name="Publishing Workflows › Mobile Responsiveness › should work on mobile devices" classname="publishing.spec.ts" time="0">
<skipped>
</skipped>
</testcase>
<testcase name="Publishing Workflows › Mobile Responsiveness › should handle touch interactions" classname="publishing.spec.ts" time="0">
<skipped>
</skipped>
</testcase>
</testsuite>
<testsuite name="visual.spec.ts" timestamp="2025-09-27T23:34:44.126Z" hostname="tablet" tests="26" failures="0" skipped="26" time="0" errors="0">
<testcase name="Visual Regression Tests › Authentication Pages › login page should match baseline" classname="visual.spec.ts" time="0">
<skipped>
</skipped>
</testcase>
<testcase name="Visual Regression Tests › Authentication Pages › registration page should match baseline" classname="visual.spec.ts" time="0">
<skipped>
</skipped>
</testcase>
<testcase name="Visual Regression Tests › Authentication Pages › forgot password page should match baseline" classname="visual.spec.ts" time="0">
<skipped>
</skipped>
</testcase>
<testcase name="Visual Regression Tests › Dashboard Views › dashboard overview should match baseline" classname="visual.spec.ts" time="0">
<skipped>
</skipped>
</testcase>
<testcase name="Visual Regression Tests › Dashboard Views › empty dashboard state should match baseline" classname="visual.spec.ts" time="0">
<skipped>
</skipped>
</testcase>
<testcase name="Visual Regression Tests › Dashboard Views › sidebar navigation should match baseline" classname="visual.spec.ts" time="0">
<skipped>
</skipped>
</testcase>
<testcase name="Visual Regression Tests › Post Creation Interface › new post form should match baseline" classname="visual.spec.ts" time="0">
<skipped>
</skipped>
</testcase>
<testcase name="Visual Regression Tests › Post Creation Interface › post form with content should match baseline" classname="visual.spec.ts" time="0">
<skipped>
</skipped>
</testcase>
<testcase name="Visual Regression Tests › Post Creation Interface › platform preview should match baseline" classname="visual.spec.ts" time="0">
<skipped>
</skipped>
</testcase>
<testcase name="Visual Regression Tests › Post Creation Interface › scheduling interface should match baseline" classname="visual.spec.ts" time="0">
<skipped>
</skipped>
</testcase>
<testcase name="Visual Regression Tests › Analytics Dashboard › analytics overview should match baseline" classname="visual.spec.ts" time="0">
<skipped>
</skipped>
</testcase>
<testcase name="Visual Regression Tests › Analytics Dashboard › metrics cards should match baseline" classname="visual.spec.ts" time="0">
<skipped>
</skipped>
</testcase>
<testcase name="Visual Regression Tests › Analytics Dashboard › empty analytics state should match baseline" classname="visual.spec.ts" time="0">
<skipped>
</skipped>
</testcase>
<testcase name="Visual Regression Tests › Responsive Design › mobile dashboard should match baseline" classname="visual.spec.ts" time="0">
<skipped>
</skipped>
</testcase>
<testcase name="Visual Regression Tests › Responsive Design › tablet dashboard should match baseline" classname="visual.spec.ts" time="0">
<skipped>
</skipped>
</testcase>
<testcase name="Visual Regression Tests › Responsive Design › mobile post creation should match baseline" classname="visual.spec.ts" time="0">
<skipped>
</skipped>
</testcase>
<testcase name="Visual Regression Tests › Component States › loading states should match baseline" classname="visual.spec.ts" time="0">
<skipped>
</skipped>
</testcase>
<testcase name="Visual Regression Tests › Component States › error states should match baseline" classname="visual.spec.ts" time="0">
<skipped>
</skipped>
</testcase>
<testcase name="Visual Regression Tests › Component States › success toast should match baseline" classname="visual.spec.ts" time="0">
<skipped>
</skipped>
</testcase>
<testcase name="Visual Regression Tests › Component States › form validation errors should match baseline" classname="visual.spec.ts" time="0">
<skipped>
</skipped>
</testcase>
<testcase name="Visual Regression Tests › Dark Mode › dark mode dashboard should match baseline" classname="visual.spec.ts" time="0">
<skipped>
</skipped>
</testcase>
<testcase name="Visual Regression Tests › Dark Mode › dark mode login should match baseline" classname="visual.spec.ts" time="0">
<skipped>
</skipped>
</testcase>
<testcase name="Visual Regression Tests › Dark Mode › dark mode post creation should match baseline" classname="visual.spec.ts" time="0">
<skipped>
</skipped>
</testcase>
<testcase name="Visual Regression Tests › Internationalization › should match baseline in different languages" classname="visual.spec.ts" time="0">
<properties>
<property name="skip" value="">
</property>
</properties>
<skipped>
</skipped>
</testcase>
<testcase name="Visual Regression Tests › Animation States › hover states should match baseline" classname="visual.spec.ts" time="0">
<skipped>
</skipped>
</testcase>
<testcase name="Visual Regression Tests › Animation States › focus states should match baseline" classname="visual.spec.ts" time="0">
<skipped>
</skipped>
</testcase>
</testsuite>
</testsuites>